<?xml version="1.0" encoding="UTF-8"?>
<!-- Generated by org.testng.reporters.JUnitReportReporter -->
<testsuite hostname="DESKTOP-BMK3LDR" failures="0" tests="1" name="ValidatingPages.VlaidateAboutPage" time="31.233" errors="0" timestamp="2025-09-24T08:45:17 IST" skipped="0">
  <testcase classname="ValidatingPages.VlaidateAboutPage" name="validateAboutPage" time="31.233"/>
</testsuite> <!-- ValidatingPages.VlaidateAboutPage -->
